[debug] [2021-09-23T10:27:25.275Z] ----------------------------------------------------------------------
[debug] [2021-09-23T10:27:25.277Z] Command:       C:\Program Files\nodejs\node.exe C:\Users\Sahoda Akinori\.npm_global\node_modules\firebase-tools\lib\bin\firebase.js emulators:start --import ./data/
[debug] [2021-09-23T10:27:25.278Z] CLI Version:   9.17.0
[debug] [2021-09-23T10:27:25.278Z] Platform:      win32
[debug] [2021-09-23T10:27:25.278Z] Node Version:  v14.15.1
[debug] [2021-09-23T10:27:25.279Z] Time:          Thu Sep 23 2021 19:27:25 GMT+0900 (Japan Standard Time)
[debug] [2021-09-23T10:27:25.279Z] ----------------------------------------------------------------------
[debug] 
[debug] [2021-09-23T10:27:25.282Z] >>> [apiv2][query] GET https://firebase-public.firebaseio.com/cli.json [none]
[debug] [2021-09-23T10:27:25.356Z] Object ".emulators.firestore" in "firebase.json" has unknown property: {"additionalProperty":"rules"}
[debug] [2021-09-23T10:27:25.361Z] > command requires scopes: ["email","openid","https://www.googleapis.com/auth/cloudplatformprojects.readonly","https://www.googleapis.com/auth/firebase","https://www.googleapis.com/auth/cloud-platform"]
[debug] [2021-09-23T10:27:25.361Z] > authorizing via signed-in user (aki10.working@gmail.com)
[info] i  emulators: Starting emulators: auth, functions, firestore, storage {"metadata":{"emulator":{"name":"hub"},"message":"Starting emulators: auth, functions, firestore, storage"}}
[debug] [2021-09-23T10:27:25.386Z] [hub] writing locator at C:\Users\SAHODA~1\AppData\Local\Temp\hub-my-react-project-db288.json
[warn] !  functions: The following emulators are not running, calls to these services from the Functions emulator will affect production: database, hosting, pubsub {"metadata":{"emulator":{"name":"functions"},"message":"The following emulators are not running, calls to these services from the Functions emulator will affect production: \u001b[1mdatabase, hosting, pubsub\u001b[22m"}}
[info] +  functions: Using node@14 from host. {"metadata":{"emulator":{"name":"functions"},"message":"Using node@14 from host."}}
[debug] [2021-09-23T10:27:25.411Z] defaultcredentials: writing to file C:\Users\Sahoda Akinori\AppData\Roaming\firebase\aki10_working_gmail.com_application_default_credentials.json
[debug] [2021-09-23T10:27:25.414Z] Setting GAC to C:\Users\Sahoda Akinori\AppData\Roaming\firebase\aki10_working_gmail.com_application_default_credentials.json {"metadata":{"emulator":{"name":"functions"},"message":"Setting GAC to C:\\Users\\Sahoda Akinori\\AppData\\Roaming\\firebase\\aki10_working_gmail.com_application_default_credentials.json"}}
[debug] [2021-09-23T10:27:25.416Z] > refreshing access token with scopes: []
[debug] [2021-09-23T10:27:25.417Z] >>> HTTP REQUEST POST https://www.googleapis.com/oauth2/v3/token  
 <request body omitted>
[debug] [2021-09-23T10:27:25.535Z] <<< HTTP RESPONSE 200 {"pragma":"no-cache","date":"Thu, 23 Sep 2021 10:27:25 GMT","cache-control":"no-cache, no-store, max-age=0, must-revalidate","expires":"Mon, 01 Jan 1990 00:00:00 GMT","content-type":"application/json; charset=utf-8","vary":"X-Origin, Referer, Origin,Accept-Encoding","server":"scaffolding on HTTPServer2","x-xss-protection":"0","x-frame-options":"SAMEORIGIN","x-content-type-options":"nosniff","alt-svc":"h3=\":443\"; ma=2592000,h3-29=\":443\"; ma=2592000,h3-T051=\":443\"; ma=2592000,h3-Q050=\":443\"; ma=2592000,h3-Q046=\":443\"; ma=2592000,h3-Q043=\":443\"; ma=2592000,quic=\":443\"; ma=2592000; v=\"46,43\"","accept-ranges":"none","transfer-encoding":"chunked"}
[debug] [2021-09-23T10:27:25.547Z] >>> [apiv2][query] GET https://firebase.googleapis.com/v1beta1/projects/my-react-project-db288/adminSdkConfig [none]
[debug] [2021-09-23T10:27:25.849Z] <<< [apiv2][status] GET https://firebase-public.firebaseio.com/cli.json 200
[debug] [2021-09-23T10:27:25.849Z] <<< [apiv2][body] GET https://firebase-public.firebaseio.com/cli.json {"cloudBuildErrorAfter":1594252800000,"cloudBuildWarnAfter":1590019200000,"defaultNode10After":1594252800000,"minVersion":"3.0.5","node8DeploysDisabledAfter":1613390400000,"node8RuntimeDisabledAfter":1615809600000,"node8WarnAfter":1600128000000}
[debug] [2021-09-23T10:27:26.059Z] <<< [apiv2][status] GET https://firebase.googleapis.com/v1beta1/projects/my-react-project-db288/adminSdkConfig 200
[debug] [2021-09-23T10:27:26.059Z] <<< [apiv2][body] GET https://firebase.googleapis.com/v1beta1/projects/my-react-project-db288/adminSdkConfig {"projectId":"my-react-project-db288","storageBucket":"my-react-project-db288.appspot.com","locationId":"asia-northeast1"}
[info] i  firestore: Importing data from C:\Users\Sahoda Akinori\MyApps\clipbox\data\firestore_export\firestore_export.overall_export_metadata {"metadata":{"emulator":{"name":"firestore"},"message":"Importing data from C:\\Users\\Sahoda Akinori\\MyApps\\clipbox\\data\\firestore_export\\firestore_export.overall_export_metadata"}}
[debug] [2021-09-23T10:27:26.085Z] Ignoring unsupported arg: projectId {"metadata":{"emulator":{"name":"firestore"},"message":"Ignoring unsupported arg: projectId"}}
[debug] [2021-09-23T10:27:26.086Z] Ignoring unsupported arg: auto_download {"metadata":{"emulator":{"name":"firestore"},"message":"Ignoring unsupported arg: auto_download"}}
[debug] [2021-09-23T10:27:26.086Z] Starting Firestore Emulator with command {"binary":"java","args":["-Dgoogle.cloud_firestore.debug_log_level=FINE","-Duser.language=en","-jar","C:\\Users\\Sahoda Akinori\\.cache\\firebase\\emulators\\cloud-firestore-emulator-v1.13.1.jar","--host","localhost","--port",8080,"--seed_from_export","C:\\Users\\Sahoda Akinori\\MyApps\\clipbox\\data\\firestore_export\\firestore_export.overall_export_metadata","--rules","C:\\Users\\Sahoda Akinori\\MyApps\\clipbox\\firestore.rules","--functions_emulator","localhost:5001"],"optionalArgs":["port","webchannel_port","host","rules","functions_emulator","seed_from_export"],"joinArgs":false} {"metadata":{"emulator":{"name":"firestore"},"message":"Starting Firestore Emulator with command {\"binary\":\"java\",\"args\":[\"-Dgoogle.cloud_firestore.debug_log_level=FINE\",\"-Duser.language=en\",\"-jar\",\"C:\\\\Users\\\\Sahoda Akinori\\\\.cache\\\\firebase\\\\emulators\\\\cloud-firestore-emulator-v1.13.1.jar\",\"--host\",\"localhost\",\"--port\",8080,\"--seed_from_export\",\"C:\\\\Users\\\\Sahoda Akinori\\\\MyApps\\\\clipbox\\\\data\\\\firestore_export\\\\firestore_export.overall_export_metadata\",\"--rules\",\"C:\\\\Users\\\\Sahoda Akinori\\\\MyApps\\\\clipbox\\\\firestore.rules\",\"--functions_emulator\",\"localhost:5001\"],\"optionalArgs\":[\"port\",\"webchannel_port\",\"host\",\"rules\",\"functions_emulator\",\"seed_from_export\"],\"joinArgs\":false}"}}
[info] i  firestore: Firestore Emulator logging to firestore-debug.log {"metadata":{"emulator":{"name":"firestore"},"message":"Firestore Emulator logging to \u001b[1mfirestore-debug.log\u001b[22m"}}
[debug] [2021-09-23T10:27:28.826Z] Sep 23, 2021 7:27:28 PM com.google.cloud.datastore.emulator.firestore.websocket.WebSocketServer start
INFO: Started WebSocket server on ws://localhost:60341
 {"metadata":{"emulator":{"name":"firestore"},"message":"Sep 23, 2021 7:27:28 PM com.google.cloud.datastore.emulator.firestore.websocket.WebSocketServer start\r\nINFO: Started WebSocket server on ws://localhost:60341\r\n"}}
[debug] [2021-09-23T10:27:28.861Z] API endpoint: http://localhost: {"metadata":{"emulator":{"name":"firestore"},"message":"API endpoint: http://localhost:"}}
[debug] [2021-09-23T10:27:28.861Z] 8080
If you are using a library that supports the FIRESTORE_EMULATOR_HOST environment variable, run:

   export FIRESTORE_EMULATOR_HOST=localhost:8080

Dev App Server is now running.

 {"metadata":{"emulator":{"name":"firestore"},"message":"8080\nIf you are using a library that supports the FIRESTORE_EMULATOR_HOST environment variable, run:\r\n\n   export FIRESTORE_EMULATOR_HOST=localhost:8080\n\nDev App Server is now running.\n\r\n"}}
[info] i  auth: Importing config from C:\Users\Sahoda Akinori\MyApps\clipbox\data\auth_export\config.json {"metadata":{"emulator":{"name":"database"},"message":"Importing config from C:\\Users\\Sahoda Akinori\\MyApps\\clipbox\\data\\auth_export\\config.json"}}
[info] i  auth: Importing accounts from C:\Users\Sahoda Akinori\MyApps\clipbox\data\auth_export\accounts.json {"metadata":{"emulator":{"name":"database"},"message":"Importing accounts from C:\\Users\\Sahoda Akinori\\MyApps\\clipbox\\data\\auth_export\\accounts.json"}}
[debug] [2021-09-23T10:27:31.495Z] Ignoring unsupported arg: port {"metadata":{"emulator":{"name":"storage"},"message":"Ignoring unsupported arg: port"}}
[debug] [2021-09-23T10:27:31.756Z] Temp file directory for storage emulator: C:\Users\SAHODA~1\AppData\Local\Temp/firebase/storage/blobs {"metadata":{"emulator":{"name":"storage"},"message":"Temp file directory for storage emulator: C:\\Users\\SAHODA~1\\AppData\\Local\\Temp/firebase/storage/blobs"}}
[debug] [2021-09-23T10:27:33.016Z] Ignoring unsupported arg: auto_download {"metadata":{"emulator":{"name":"ui"},"message":"Ignoring unsupported arg: auto_download"}}
[debug] [2021-09-23T10:27:33.016Z] Ignoring unsupported arg: port {"metadata":{"emulator":{"name":"ui"},"message":"Ignoring unsupported arg: port"}}
[debug] [2021-09-23T10:27:33.016Z] Starting Emulator UI with command {"binary":"node","args":["C:\\Users\\Sahoda Akinori\\.cache\\firebase\\emulators\\ui-v1.6.3\\server.bundle.js"],"optionalArgs":[],"joinArgs":false} {"metadata":{"emulator":{"name":"ui"},"message":"Starting Emulator UI with command {\"binary\":\"node\",\"args\":[\"C:\\\\Users\\\\Sahoda Akinori\\\\.cache\\\\firebase\\\\emulators\\\\ui-v1.6.3\\\\server.bundle.js\"],\"optionalArgs\":[],\"joinArgs\":false}"}}
[info] i  ui: Emulator UI logging to ui-debug.log {"metadata":{"emulator":{"name":"ui"},"message":"Emulator UI logging to \u001b[1mui-debug.log\u001b[22m"}}
[debug] [2021-09-23T10:27:33.146Z] Web / API server started at localhost:4000
 {"metadata":{"emulator":{"name":"ui"},"message":"Web / API server started at localhost:4000\n"}}
[info] i  functions: Watching "C:\Users\Sahoda Akinori\MyApps\clipbox\functions" for Cloud Functions... {"metadata":{"emulator":{"name":"functions"},"message":"Watching \"C:\\Users\\Sahoda Akinori\\MyApps\\clipbox\\functions\" for Cloud Functions..."}}
[debug] [2021-09-23T10:27:33.318Z] [worker-pool] addWorker(~diagnostic~) {"metadata":{"emulator":{"name":"functions"},"message":"[worker-pool] addWorker(~diagnostic~)"}}
[debug] [2021-09-23T10:27:33.319Z] [worker-pool] Adding worker with key ~diagnostic~, total=1 {"metadata":{"emulator":{"name":"functions"},"message":"[worker-pool] Adding worker with key ~diagnostic~, total=1"}}
[debug] [2021-09-23T10:27:33.319Z] [worker-pool] submitWork(triggerId=) {"metadata":{"emulator":{"name":"functions"},"message":"[worker-pool] submitWork(triggerId=)"}}
[debug] [2021-09-23T10:27:33.320Z] [worker-~diagnostic~-900f4cd3-013c-4fce-8b81-69cc438c9503]: Assigning socketPath: \\?\pipe\C:\Users\Sahoda Akinori\MyApps\clipbox\functions\14396 {"metadata":{"emulator":{"name":"functions"},"message":"[worker-~diagnostic~-900f4cd3-013c-4fce-8b81-69cc438c9503]: Assigning socketPath: \\\\?\\pipe\\C:\\Users\\Sahoda Akinori\\MyApps\\clipbox\\functions\\14396"}}
[debug] [2021-09-23T10:27:33.321Z] [worker-~diagnostic~-900f4cd3-013c-4fce-8b81-69cc438c9503]: BUSY {"metadata":{"emulator":{"name":"functions"},"message":"[worker-~diagnostic~-900f4cd3-013c-4fce-8b81-69cc438c9503]: BUSY"}}
[debug] [2021-09-23T10:27:33.769Z] [runtime-status] [14396] Functions runtime initialized. {"cwd":"C:\\Users\\Sahoda Akinori\\MyApps\\clipbox\\functions","node_version":"14.15.1"} {"metadata":{"emulator":{"name":"functions"},"message":"[runtime-status] [14396] Functions runtime initialized. {\"cwd\":\"C:\\\\Users\\\\Sahoda Akinori\\\\MyApps\\\\clipbox\\\\functions\",\"node_version\":\"14.15.1\"}"}}
[debug] [2021-09-23T10:27:33.774Z] [runtime-status] [14396] Disabled runtime features: undefined {"metadata":{"emulator":{"name":"functions"},"message":"[runtime-status] [14396] Disabled runtime features: undefined"}}
[debug] [2021-09-23T10:27:33.780Z] [runtime-status] [14396] Resolved module firebase-admin {"declared":true,"installed":true,"version":"9.11.1","resolution":"C:\\Users\\Sahoda Akinori\\MyApps\\clipbox\\functions\\node_modules\\firebase-admin\\lib\\index.js"} {"metadata":{"emulator":{"name":"functions"},"message":"[runtime-status] [14396] Resolved module firebase-admin {\"declared\":true,\"installed\":true,\"version\":\"9.11.1\",\"resolution\":\"C:\\\\Users\\\\Sahoda Akinori\\\\MyApps\\\\clipbox\\\\functions\\\\node_modules\\\\firebase-admin\\\\lib\\\\index.js\"}"}}
[debug] [2021-09-23T10:27:33.784Z] [runtime-status] [14396] Resolved module firebase-functions {"declared":true,"installed":true,"version":"3.15.5","resolution":"C:\\Users\\Sahoda Akinori\\MyApps\\clipbox\\functions\\node_modules\\firebase-functions\\lib\\index.js"} {"metadata":{"emulator":{"name":"functions"},"message":"[runtime-status] [14396] Resolved module firebase-functions {\"declared\":true,\"installed\":true,\"version\":\"3.15.5\",\"resolution\":\"C:\\\\Users\\\\Sahoda Akinori\\\\MyApps\\\\clipbox\\\\functions\\\\node_modules\\\\firebase-functions\\\\lib\\\\index.js\"}"}}
[debug] [2021-09-23T10:27:33.787Z] [runtime-status] [14396] Resolved module firebase-functions {"declared":true,"installed":true,"version":"3.15.5","resolution":"C:\\Users\\Sahoda Akinori\\MyApps\\clipbox\\functions\\node_modules\\firebase-functions\\lib\\index.js"} {"metadata":{"emulator":{"name":"functions"},"message":"[runtime-status] [14396] Resolved module firebase-functions {\"declared\":true,\"installed\":true,\"version\":\"3.15.5\",\"resolution\":\"C:\\\\Users\\\\Sahoda Akinori\\\\MyApps\\\\clipbox\\\\functions\\\\node_modules\\\\firebase-functions\\\\lib\\\\index.js\"}"}}
[debug] [2021-09-23T10:27:33.788Z] [runtime-status] [14396] Outgoing network have been stubbed. [{"name":"http","status":"mocked"},{"name":"http","status":"mocked"},{"name":"https","status":"mocked"},{"name":"https","status":"mocked"},{"name":"net","status":"mocked"}] {"metadata":{"emulator":{"name":"functions"},"message":"[runtime-status] [14396] Outgoing network have been stubbed. [{\"name\":\"http\",\"status\":\"mocked\"},{\"name\":\"http\",\"status\":\"mocked\"},{\"name\":\"https\",\"status\":\"mocked\"},{\"name\":\"https\",\"status\":\"mocked\"},{\"name\":\"net\",\"status\":\"mocked\"}]"}}
[debug] [2021-09-23T10:27:33.789Z] [runtime-status] [14396] Resolved module firebase-functions {"declared":true,"installed":true,"version":"3.15.5","resolution":"C:\\Users\\Sahoda Akinori\\MyApps\\clipbox\\functions\\node_modules\\firebase-functions\\lib\\index.js"} {"metadata":{"emulator":{"name":"functions"},"message":"[runtime-status] [14396] Resolved module firebase-functions {\"declared\":true,\"installed\":true,\"version\":\"3.15.5\",\"resolution\":\"C:\\\\Users\\\\Sahoda Akinori\\\\MyApps\\\\clipbox\\\\functions\\\\node_modules\\\\firebase-functions\\\\lib\\\\index.js\"}"}}
[debug] [2021-09-23T10:27:33.873Z] [runtime-status] [14396] Checked functions.config() {"config":{}} {"metadata":{"emulator":{"name":"functions"},"message":"[runtime-status] [14396] Checked functions.config() {\"config\":{}}"}}
[debug] [2021-09-23T10:27:33.874Z] [runtime-status] [14396] firebase-functions has been stubbed. {"functionsResolution":{"declared":true,"installed":true,"version":"3.15.5","resolution":"C:\\Users\\Sahoda Akinori\\MyApps\\clipbox\\functions\\node_modules\\firebase-functions\\lib\\index.js"}} {"metadata":{"emulator":{"name":"functions"},"message":"[runtime-status] [14396] firebase-functions has been stubbed. {\"functionsResolution\":{\"declared\":true,\"installed\":true,\"version\":\"3.15.5\",\"resolution\":\"C:\\\\Users\\\\Sahoda Akinori\\\\MyApps\\\\clipbox\\\\functions\\\\node_modules\\\\firebase-functions\\\\lib\\\\index.js\"}}"}}
[debug] [2021-09-23T10:27:33.875Z] [runtime-status] [14396] Resolved module firebase-functions {"declared":true,"installed":true,"version":"3.15.5","resolution":"C:\\Users\\Sahoda Akinori\\MyApps\\clipbox\\functions\\node_modules\\firebase-functions\\lib\\index.js"} {"metadata":{"emulator":{"name":"functions"},"message":"[runtime-status] [14396] Resolved module firebase-functions {\"declared\":true,\"installed\":true,\"version\":\"3.15.5\",\"resolution\":\"C:\\\\Users\\\\Sahoda Akinori\\\\MyApps\\\\clipbox\\\\functions\\\\node_modules\\\\firebase-functions\\\\lib\\\\index.js\"}"}}
[debug] [2021-09-23T10:27:33.877Z] [runtime-status] [14396] Resolved module firebase-admin {"declared":true,"installed":true,"version":"9.11.1","resolution":"C:\\Users\\Sahoda Akinori\\MyApps\\clipbox\\functions\\node_modules\\firebase-admin\\lib\\index.js"} {"metadata":{"emulator":{"name":"functions"},"message":"[runtime-status] [14396] Resolved module firebase-admin {\"declared\":true,\"installed\":true,\"version\":\"9.11.1\",\"resolution\":\"C:\\\\Users\\\\Sahoda Akinori\\\\MyApps\\\\clipbox\\\\functions\\\\node_modules\\\\firebase-admin\\\\lib\\\\index.js\"}"}}
[debug] [2021-09-23T10:27:33.877Z] [runtime-status] [14396] Resolved module firebase-functions {"declared":true,"installed":true,"version":"3.15.5","resolution":"C:\\Users\\Sahoda Akinori\\MyApps\\clipbox\\functions\\node_modules\\firebase-functions\\lib\\index.js"} {"metadata":{"emulator":{"name":"functions"},"message":"[runtime-status] [14396] Resolved module firebase-functions {\"declared\":true,\"installed\":true,\"version\":\"3.15.5\",\"resolution\":\"C:\\\\Users\\\\Sahoda Akinori\\\\MyApps\\\\clipbox\\\\functions\\\\node_modules\\\\firebase-functions\\\\lib\\\\index.js\"}"}}
[debug] [2021-09-23T10:27:33.878Z] [runtime-status] [14396] firebase-admin has been stubbed. {"adminResolution":{"declared":true,"installed":true,"version":"9.11.1","resolution":"C:\\Users\\Sahoda Akinori\\MyApps\\clipbox\\functions\\node_modules\\firebase-admin\\lib\\index.js"}} {"metadata":{"emulator":{"name":"functions"},"message":"[runtime-status] [14396] firebase-admin has been stubbed. {\"adminResolution\":{\"declared\":true,\"installed\":true,\"version\":\"9.11.1\",\"resolution\":\"C:\\\\Users\\\\Sahoda Akinori\\\\MyApps\\\\clipbox\\\\functions\\\\node_modules\\\\firebase-admin\\\\lib\\\\index.js\"}}"}}
[debug] [2021-09-23T10:27:33.882Z] [runtime-status] [14396] initializeApp(DEFAULT) {"storageBucket":"my-react-project-db288.appspot.com","projectId":"my-react-project-db288"} {"metadata":{"emulator":{"name":"functions"},"message":"[runtime-status] [14396] initializeApp(DEFAULT) {\"storageBucket\":\"my-react-project-db288.appspot.com\",\"projectId\":\"my-react-project-db288\"}"}}
[info] +  functions[us-central1-helloWorld]: http function initialized (http://localhost:5001/my-react-project-db288/us-central1/helloWorld). {"metadata":{"emulator":{"name":"functions"},"message":"\u001b[1mhttp\u001b[22m function initialized (http://localhost:5001/my-react-project-db288/us-central1/helloWorld)."}}
[debug] [2021-09-23T10:27:33.940Z] addAuthTrigger {"eventTrigger":{"resource":"projects/my-react-project-db288","eventType":"providers/firebase.auth/eventTypes/user.create","service":"firebaseauth.googleapis.com"}}
[info] +  functions[us-central1-createUserDocument]: auth function initialized. {"metadata":{"emulator":{"name":"functions"},"message":"\u001b[1mauth\u001b[22m function initialized."}}
[debug] [2021-09-23T10:27:33.941Z] addStorageTrigger {"eventTrigger":{"resource":"projects/_/buckets/my-react-project-db288.appspot.com","eventType":"google.storage.object.finalize","service":"storage.googleapis.com"}}
[info] +  functions[us-central1-createVideoDocument]: storage function initialized. {"metadata":{"emulator":{"name":"functions"},"message":"\u001b[1mstorage\u001b[22m function initialized."}}
[info] +  functions[us-central1-getUser]: http function initialized (http://localhost:5001/my-react-project-db288/us-central1/getUser). {"metadata":{"emulator":{"name":"functions"},"message":"\u001b[1mhttp\u001b[22m function initialized (http://localhost:5001/my-react-project-db288/us-central1/getUser)."}}
[info] 
┌─────────────────────────────────────────────────────────────┐
│ ✔  All emulators ready! It is now safe to connect your app. │
│ i  View Emulator UI at http://localhost:4000                │
└─────────────────────────────────────────────────────────────┘

┌────────────────┬────────────────┬─────────────────────────────────┐
│ Emulator       │ Host:Port      │ View in Emulator UI             │
├────────────────┼────────────────┼─────────────────────────────────┤
│ Authentication │ localhost:9099 │ http://localhost:4000/auth      │
├────────────────┼────────────────┼─────────────────────────────────┤
│ Functions      │ localhost:5001 │ http://localhost:4000/functions │
├────────────────┼────────────────┼─────────────────────────────────┤
│ Firestore      │ localhost:8080 │ http://localhost:4000/firestore │
├────────────────┼────────────────┼─────────────────────────────────┤
│ Storage        │ localhost:9199 │ http://localhost:4000/storage   │
└────────────────┴────────────────┴─────────────────────────────────┘
  Emulator Hub running at localhost:4400
  Other reserved ports: 4500

Issues? Report them at https://github.com/firebase/firebase-tools/issues and attach the *-debug.log files.
 
[debug] [2021-09-23T10:27:33.952Z] [worker-~diagnostic~-900f4cd3-013c-4fce-8b81-69cc438c9503]: IDLE {"metadata":{"emulator":{"name":"functions"},"message":"[worker-~diagnostic~-900f4cd3-013c-4fce-8b81-69cc438c9503]: IDLE"}}
[debug] [2021-09-23T10:30:31.281Z] Sep 23, 2021 7:30:31 PM io.gapi.emulators.netty.HttpVersionRoutingHandler channelRead
INFO: Detected non-HTTP/2 connection.
 {"metadata":{"emulator":{"name":"firestore"},"message":"Sep 23, 2021 7:30:31 PM io.gapi.emulators.netty.HttpVersionRoutingHandler channelRead\r\nINFO: Detected non-HTTP/2 connection.\r\n"}}
[debug] [2021-09-23T10:30:32.335Z] Sep 23, 2021 7:30:32 PM com.google.cloud.datastore.emulator.firestore.websocket.WebSocketChannelHandler initChannel
INFO: Connected to new websocket client
 {"metadata":{"emulator":{"name":"firestore"},"message":"Sep 23, 2021 7:30:32 PM com.google.cloud.datastore.emulator.firestore.websocket.WebSocketChannelHandler initChannel\r\nINFO: Connected to new websocket client\r\n"}}
[debug] [2021-09-23T10:30:35.264Z] Sep 23, 2021 7:30:35 PM io.gapi.emulators.netty.HttpVersionRoutingHandler channelRead
INFO: Detected non-HTTP/2 connection.
 {"metadata":{"emulator":{"name":"firestore"},"message":"Sep 23, 2021 7:30:35 PM io.gapi.emulators.netty.HttpVersionRoutingHandler channelRead\r\nINFO: Detected non-HTTP/2 connection.\r\n"}}
[debug] [2021-09-23T10:30:37.297Z] Sep 23, 2021 7:30:37 PM io.gapi.emulators.netty.HttpVersionRoutingHandler channelRead
INFO: Detected non-HTTP/2 connection.
 {"metadata":{"emulator":{"name":"firestore"},"message":"Sep 23, 2021 7:30:37 PM io.gapi.emulators.netty.HttpVersionRoutingHandler channelRead\r\nINFO: Detected non-HTTP/2 connection.\r\n"}}
[debug] [2021-09-23T10:30:39.332Z] Sep 23, 2021 7:30:39 PM io.gapi.emulators.netty.HttpVersionRoutingHandler channelRead
INFO: Detected non-HTTP/2 connection.
 {"metadata":{"emulator":{"name":"firestore"},"message":"Sep 23, 2021 7:30:39 PM io.gapi.emulators.netty.HttpVersionRoutingHandler channelRead\r\nINFO: Detected non-HTTP/2 connection.\r\n"}}
[debug] [2021-09-23T10:30:41.372Z] Sep 23, 2021 7:30:41 PM io.gapi.emulators.netty.HttpVersionRoutingHandler channelRead
INFO: Detected non-HTTP/2 connection.
 {"metadata":{"emulator":{"name":"firestore"},"message":"Sep 23, 2021 7:30:41 PM io.gapi.emulators.netty.HttpVersionRoutingHandler channelRead\r\nINFO: Detected non-HTTP/2 connection.\r\n"}}
[debug] [2021-09-23T10:30:43.407Z] Sep 23, 2021 7:30:43 PM io.gapi.emulators.netty.HttpVersionRoutingHandler channelRead
INFO: Detected non-HTTP/2 connection.
 {"metadata":{"emulator":{"name":"firestore"},"message":"Sep 23, 2021 7:30:43 PM io.gapi.emulators.netty.HttpVersionRoutingHandler channelRead\r\nINFO: Detected non-HTTP/2 connection.\r\n"}}
[debug] [2021-09-23T10:30:45.439Z] Sep 23, 2021 7:30:45 PM io.gapi.emulators.netty.HttpVersionRoutingHandler channelRead
INFO: Detected non-HTTP/2 connection.
 {"metadata":{"emulator":{"name":"firestore"},"message":"Sep 23, 2021 7:30:45 PM io.gapi.emulators.netty.HttpVersionRoutingHandler channelRead\r\nINFO: Detected non-HTTP/2 connection.\r\n"}}
[debug] [2021-09-23T10:30:47.474Z] Sep 23, 2021 7:30:47 PM io.gapi.emulators.netty.HttpVersionRoutingHandler channelRead
INFO: Detected non-HTTP/2 connection.
 {"metadata":{"emulator":{"name":"firestore"},"message":"Sep 23, 2021 7:30:47 PM io.gapi.emulators.netty.HttpVersionRoutingHandler channelRead\r\nINFO: Detected non-HTTP/2 connection.\r\n"}}
[debug] [2021-09-23T10:30:49.519Z] Sep 23, 2021 7:30:49 PM io.gapi.emulators.netty.HttpVersionRoutingHandler channelRead
INFO: Detected non-HTTP/2 connection.
 {"metadata":{"emulator":{"name":"firestore"},"message":"Sep 23, 2021 7:30:49 PM io.gapi.emulators.netty.HttpVersionRoutingHandler channelRead\r\nINFO: Detected non-HTTP/2 connection.\r\n"}}
[debug] [2021-09-23T10:30:51.543Z] Sep 23, 2021 7:30:51 PM io.gapi.emulators.netty.HttpVersionRoutingHandler channelRead
INFO: Detected non-HTTP/2 connection.
 {"metadata":{"emulator":{"name":"firestore"},"message":"Sep 23, 2021 7:30:51 PM io.gapi.emulators.netty.HttpVersionRoutingHandler channelRead\r\nINFO: Detected non-HTTP/2 connection.\r\n"}}
[debug] [2021-09-23T10:30:53.576Z] Sep 23, 2021 7:30:53 PM io.gapi.emulators.netty.HttpVersionRoutingHandler channelRead
INFO: Detected non-HTTP/2 connection.
 {"metadata":{"emulator":{"name":"firestore"},"message":"Sep 23, 2021 7:30:53 PM io.gapi.emulators.netty.HttpVersionRoutingHandler channelRead\r\nINFO: Detected non-HTTP/2 connection.\r\n"}}
[debug] [2021-09-23T10:30:55.610Z] Sep 23, 2021 7:30:55 PM io.gapi.emulators.netty.HttpVersionRoutingHandler channelRead
INFO: Detected non-HTTP/2 connection.
 {"metadata":{"emulator":{"name":"firestore"},"message":"Sep 23, 2021 7:30:55 PM io.gapi.emulators.netty.HttpVersionRoutingHandler channelRead\r\nINFO: Detected non-HTTP/2 connection.\r\n"}}
[debug] [2021-09-23T10:30:57.638Z] Sep 23, 2021 7:30:57 PM io.gapi.emulators.netty.HttpVersionRoutingHandler channelRead
INFO: Detected non-HTTP/2 connection.
 {"metadata":{"emulator":{"name":"firestore"},"message":"Sep 23, 2021 7:30:57 PM io.gapi.emulators.netty.HttpVersionRoutingHandler channelRead\r\nINFO: Detected non-HTTP/2 connection.\r\n"}}
[debug] [2021-09-23T10:30:59.655Z] Sep 23, 2021 7:30:59 PM io.gapi.emulators.netty.HttpVersionRoutingHandler channelRead
INFO: Detected non-HTTP/2 connection.
 {"metadata":{"emulator":{"name":"firestore"},"message":"Sep 23, 2021 7:30:59 PM io.gapi.emulators.netty.HttpVersionRoutingHandler channelRead\r\nINFO: Detected non-HTTP/2 connection.\r\n"}}
[debug] [2021-09-23T10:31:01.677Z] Sep 23, 2021 7:31:01 PM io.gapi.emulators.netty.HttpVersionRoutingHandler channelRead
INFO: Detected non-HTTP/2 connection.
 {"metadata":{"emulator":{"name":"firestore"},"message":"Sep 23, 2021 7:31:01 PM io.gapi.emulators.netty.HttpVersionRoutingHandler channelRead\r\nINFO: Detected non-HTTP/2 connection.\r\n"}}
[debug] [2021-09-23T10:31:03.708Z] Sep 23, 2021 7:31:03 PM io.gapi.emulators.netty.HttpVersionRoutingHandler channelRead
INFO: Detected non-HTTP/2 connection.
 {"metadata":{"emulator":{"name":"firestore"},"message":"Sep 23, 2021 7:31:03 PM io.gapi.emulators.netty.HttpVersionRoutingHandler channelRead\r\nINFO: Detected non-HTTP/2 connection.\r\n"}}
[debug] [2021-09-23T10:31:05.735Z] Sep 23, 2021 7:31:05 PM io.gapi.emulators.netty.HttpVersionRoutingHandler channelRead
INFO: Detected non-HTTP/2 connection.
 {"metadata":{"emulator":{"name":"firestore"},"message":"Sep 23, 2021 7:31:05 PM io.gapi.emulators.netty.HttpVersionRoutingHandler channelRead\r\nINFO: Detected non-HTTP/2 connection.\r\n"}}
[debug] [2021-09-23T10:31:07.769Z] Sep 23, 2021 7:31:07 PM io.gapi.emulators.netty.HttpVersionRoutingHandler channelRead
INFO: Detected non-HTTP/2 connection.
 {"metadata":{"emulator":{"name":"firestore"},"message":"Sep 23, 2021 7:31:07 PM io.gapi.emulators.netty.HttpVersionRoutingHandler channelRead\r\nINFO: Detected non-HTTP/2 connection.\r\n"}}
[debug] [2021-09-23T10:31:09.804Z] Sep 23, 2021 7:31:09 PM io.gapi.emulators.netty.HttpVersionRoutingHandler channelRead
INFO: Detected non-HTTP/2 connection.
 {"metadata":{"emulator":{"name":"firestore"},"message":"Sep 23, 2021 7:31:09 PM io.gapi.emulators.netty.HttpVersionRoutingHandler channelRead\r\nINFO: Detected non-HTTP/2 connection.\r\n"}}
[debug] [2021-09-23T10:31:11.835Z] Sep 23, 2021 7:31:11 PM io.gapi.emulators.netty.HttpVersionRoutingHandler channelRead
INFO: Detected non-HTTP/2 connection.
 {"metadata":{"emulator":{"name":"firestore"},"message":"Sep 23, 2021 7:31:11 PM io.gapi.emulators.netty.HttpVersionRoutingHandler channelRead\r\nINFO: Detected non-HTTP/2 connection.\r\n"}}
[debug] [2021-09-23T10:31:13.869Z] Sep 23, 2021 7:31:13 PM io.gapi.emulators.netty.HttpVersionRoutingHandler channelRead
INFO: Detected non-HTTP/2 connection.
 {"metadata":{"emulator":{"name":"firestore"},"message":"Sep 23, 2021 7:31:13 PM io.gapi.emulators.netty.HttpVersionRoutingHandler channelRead\r\nINFO: Detected non-HTTP/2 connection.\r\n"}}
[debug] [2021-09-23T10:31:15.894Z] Sep 23, 2021 7:31:15 PM io.gapi.emulators.netty.HttpVersionRoutingHandler channelRead
INFO: Detected non-HTTP/2 connection.
 {"metadata":{"emulator":{"name":"firestore"},"message":"Sep 23, 2021 7:31:15 PM io.gapi.emulators.netty.HttpVersionRoutingHandler channelRead\r\nINFO: Detected non-HTTP/2 connection.\r\n"}}
[debug] [2021-09-23T10:31:17.906Z] Sep 23, 2021 7:31:17 PM io.gapi.emulators.netty.HttpVersionRoutingHandler channelRead
INFO: Detected non-HTTP/2 connection.
 {"metadata":{"emulator":{"name":"firestore"},"message":"Sep 23, 2021 7:31:17 PM io.gapi.emulators.netty.HttpVersionRoutingHandler channelRead\r\nINFO: Detected non-HTTP/2 connection.\r\n"}}
[debug] [2021-09-23T10:31:19.930Z] Sep 23, 2021 7:31:19 PM io.gapi.emulators.netty.HttpVersionRoutingHandler channelRead
INFO: Detected non-HTTP/2 connection.
 {"metadata":{"emulator":{"name":"firestore"},"message":"Sep 23, 2021 7:31:19 PM io.gapi.emulators.netty.HttpVersionRoutingHandler channelRead\r\nINFO: Detected non-HTTP/2 connection.\r\n"}}
[debug] [2021-09-23T10:31:21.961Z] Sep 23, 2021 7:31:21 PM io.gapi.emulators.netty.HttpVersionRoutingHandler channelRead
INFO: Detected non-HTTP/2 connection.
 {"metadata":{"emulator":{"name":"firestore"},"message":"Sep 23, 2021 7:31:21 PM io.gapi.emulators.netty.HttpVersionRoutingHandler channelRead\r\nINFO: Detected non-HTTP/2 connection.\r\n"}}
[debug] [2021-09-23T10:31:23.994Z] Sep 23, 2021 7:31:23 PM io.gapi.emulators.netty.HttpVersionRoutingHandler channelRead
INFO: Detected non-HTTP/2 connection.
 {"metadata":{"emulator":{"name":"firestore"},"message":"Sep 23, 2021 7:31:23 PM io.gapi.emulators.netty.HttpVersionRoutingHandler channelRead\r\nINFO: Detected non-HTTP/2 connection.\r\n"}}
[debug] [2021-09-23T10:31:26.021Z] Sep 23, 2021 7:31:26 PM io.gapi.emulators.netty.HttpVersionRoutingHandler channelRead
INFO: Detected non-HTTP/2 connection.
 {"metadata":{"emulator":{"name":"firestore"},"message":"Sep 23, 2021 7:31:26 PM io.gapi.emulators.netty.HttpVersionRoutingHandler channelRead\r\nINFO: Detected non-HTTP/2 connection.\r\n"}}
[debug] [2021-09-23T10:31:28.042Z] Sep 23, 2021 7:31:28 PM io.gapi.emulators.netty.HttpVersionRoutingHandler channelRead
INFO: Detected non-HTTP/2 connection.
 {"metadata":{"emulator":{"name":"firestore"},"message":"Sep 23, 2021 7:31:28 PM io.gapi.emulators.netty.HttpVersionRoutingHandler channelRead\r\nINFO: Detected non-HTTP/2 connection.\r\n"}}
[debug] [2021-09-23T10:31:30.073Z] Sep 23, 2021 7:31:30 PM io.gapi.emulators.netty.HttpVersionRoutingHandler channelRead
INFO: Detected non-HTTP/2 connection.
 {"metadata":{"emulator":{"name":"firestore"},"message":"Sep 23, 2021 7:31:30 PM io.gapi.emulators.netty.HttpVersionRoutingHandler channelRead\r\nINFO: Detected non-HTTP/2 connection.\r\n"}}
[debug] [2021-09-23T10:31:32.096Z] Sep 23, 2021 7:31:32 PM io.gapi.emulators.netty.HttpVersionRoutingHandler channelRead
INFO: Detected non-HTTP/2 connection.
 {"metadata":{"emulator":{"name":"firestore"},"message":"Sep 23, 2021 7:31:32 PM io.gapi.emulators.netty.HttpVersionRoutingHandler channelRead\r\nINFO: Detected non-HTTP/2 connection.\r\n"}}
[debug] [2021-09-23T10:31:34.128Z] Sep 23, 2021 7:31:34 PM io.gapi.emulators.netty.HttpVersionRoutingHandler channelRead
INFO: Detected non-HTTP/2 connection.
 {"metadata":{"emulator":{"name":"firestore"},"message":"Sep 23, 2021 7:31:34 PM io.gapi.emulators.netty.HttpVersionRoutingHandler channelRead\r\nINFO: Detected non-HTTP/2 connection.\r\n"}}
[debug] [2021-09-23T10:31:36.156Z] Sep 23, 2021 7:31:36 PM io.gapi.emulators.netty.HttpVersionRoutingHandler channelRead
INFO: Detected non-HTTP/2 connection.
 {"metadata":{"emulator":{"name":"firestore"},"message":"Sep 23, 2021 7:31:36 PM io.gapi.emulators.netty.HttpVersionRoutingHandler channelRead\r\nINFO: Detected non-HTTP/2 connection.\r\n"}}
[debug] [2021-09-23T10:31:38.189Z] Sep 23, 2021 7:31:38 PM io.gapi.emulators.netty.HttpVersionRoutingHandler channelRead
INFO: Detected non-HTTP/2 connection.
 {"metadata":{"emulator":{"name":"firestore"},"message":"Sep 23, 2021 7:31:38 PM io.gapi.emulators.netty.HttpVersionRoutingHandler channelRead\r\nINFO: Detected non-HTTP/2 connection.\r\n"}}
[debug] [2021-09-23T10:31:40.213Z] Sep 23, 2021 7:31:40 PM io.gapi.emulators.netty.HttpVersionRoutingHandler channelRead
INFO: Detected non-HTTP/2 connection.
 {"metadata":{"emulator":{"name":"firestore"},"message":"Sep 23, 2021 7:31:40 PM io.gapi.emulators.netty.HttpVersionRoutingHandler channelRead\r\nINFO: Detected non-HTTP/2 connection.\r\n"}}
[debug] [2021-09-23T10:31:42.239Z] Sep 23, 2021 7:31:42 PM io.gapi.emulators.netty.HttpVersionRoutingHandler channelRead
INFO: Detected non-HTTP/2 connection.
 {"metadata":{"emulator":{"name":"firestore"},"message":"Sep 23, 2021 7:31:42 PM io.gapi.emulators.netty.HttpVersionRoutingHandler channelRead\r\nINFO: Detected non-HTTP/2 connection.\r\n"}}
[debug] [2021-09-23T10:31:44.259Z] Sep 23, 2021 7:31:44 PM io.gapi.emulators.netty.HttpVersionRoutingHandler channelRead
INFO: Detected non-HTTP/2 connection.
 {"metadata":{"emulator":{"name":"firestore"},"message":"Sep 23, 2021 7:31:44 PM io.gapi.emulators.netty.HttpVersionRoutingHandler channelRead\r\nINFO: Detected non-HTTP/2 connection.\r\n"}}
[debug] [2021-09-23T10:31:46.279Z] Sep 23, 2021 7:31:46 PM io.gapi.emulators.netty.HttpVersionRoutingHandler channelRead
INFO: Detected non-HTTP/2 connection.
 {"metadata":{"emulator":{"name":"firestore"},"message":"Sep 23, 2021 7:31:46 PM io.gapi.emulators.netty.HttpVersionRoutingHandler channelRead\r\nINFO: Detected non-HTTP/2 connection.\r\n"}}
[debug] [2021-09-23T10:31:48.302Z] Sep 23, 2021 7:31:48 PM io.gapi.emulators.netty.HttpVersionRoutingHandler channelRead
INFO: Detected non-HTTP/2 connection.
 {"metadata":{"emulator":{"name":"firestore"},"message":"Sep 23, 2021 7:31:48 PM io.gapi.emulators.netty.HttpVersionRoutingHandler channelRead\r\nINFO: Detected non-HTTP/2 connection.\r\n"}}
